SF:lib\ui\widgets\spending_share_bottom_navigation_bar.dart
DA:14,28
DA:20,14
DA:21,14
DA:25,14
DA:27,30
DA:28,14
DA:30,42
DA:31,14
DA:39,14
DA:42,14
DA:43,14
DA:44,0
DA:45,0
DA:47,14
DA:49,14
DA:50,14
DA:52,57
DA:57,14
DA:58,14
DA:59,14
DA:61,57
DA:67,14
DA:68,0
DA:69,0
DA:71,14
DA:73,14
DA:74,14
DA:76,67
DA:79,14
DA:80,14
DA:81,14
DA:83,67
DA:89,14
DA:90,0
DA:91,0
DA:93,14
DA:95,14
DA:96,14
DA:98,57
DA:103,14
DA:104,14
DA:105,14
DA:107,57
DA:113,14
DA:114,0
DA:115,0
DA:117,14
DA:119,14
DA:120,14
DA:122,57
DA:127,14
DA:128,14
DA:129,14
DA:131,57
LF:54
LH:46
end_of_record
SF:lib\firebase_options.dart
DA:17,0
DA:19,0
DA:25,0
DA:26,0
DA:28,0
DA:30,0
DA:31,0
DA:37,0
LF:8
LH:0
end_of_record
SF:lib\models\category.dart
DA:11,1
DA:18,1
DA:20,1
DA:21,2
DA:22,1
DA:23,4
DA:24,2
LF:7
LH:7
end_of_record
SF:lib\utils\globals.dart
DA:5,27
DA:49,27
DA:65,3
DA:67,8
LF:4
LH:4
end_of_record
SF:lib\models\category_data.dart
DA:10,0
DA:16,0
DA:17,0
DA:18,0
DA:21,0
DA:23,0
DA:24,0
DA:25,0
DA:26,0
LF:9
LH:0
end_of_record
SF:lib\models\data\create_transaction_data.dart
DA:14,0
DA:16,0
DA:18,0
DA:20,0
DA:22,0
DA:24,0
DA:26,0
DA:27,0
DA:30,0
DA:31,0
DA:32,0
DA:35,0
DA:36,0
DA:39,0
DA:40,0
DA:43,0
DA:44,0
DA:47,0
DA:48,0
DA:51,0
DA:52,0
DA:55,0
DA:56,0
DA:59,0
DA:60,0
DA:61,0
DA:62,0
DA:63,0
DA:64,0
DA:65,0
DA:68,0
DA:69,0
DA:70,0
DA:75,0
DA:76,0
DA:77,0
LF:36
LH:0
end_of_record
SF:lib\models\data\group_data.dart
DA:4,6
LF:1
LH:1
end_of_record
SF:lib\models\data\pie_data.dart
DA:3,0
LF:1
LH:0
end_of_record
SF:lib\models\debt.dart
DA:9,0
DA:16,0
DA:18,0
DA:19,0
DA:20,0
DA:21,0
DA:22,0
LF:7
LH:0
end_of_record
SF:lib\models\enums\transaction_type.dart
DA:1,19
LF:1
LH:1
end_of_record
SF:lib\models\group.dart
DA:17,3
DA:30,3
DA:32,3
DA:33,3
DA:34,6
DA:35,6
DA:36,12
DA:37,6
DA:38,12
DA:39,6
DA:40,6
DA:41,6
DA:42,6
LF:13
LH:13
end_of_record
SF:lib\models\member.dart
DA:12,0
DA:20,0
DA:22,0
DA:23,0
DA:24,0
DA:25,0
DA:26,0
DA:27,0
LF:8
LH:0
end_of_record
SF:lib\models\transaction.dart
DA:20,1
DA:37,1
DA:39,1
DA:40,1
DA:41,2
DA:42,2
DA:43,2
DA:44,2
DA:45,2
DA:46,2
DA:47,2
DA:48,2
DA:49,2
DA:50,2
DA:51,2
DA:52,6
DA:53,2
LF:17
LH:17
end_of_record
SF:lib\models\user.dart
DA:18,8
DA:31,0
DA:33,0
DA:34,0
DA:35,0
DA:36,0
DA:37,0
DA:38,0
DA:39,0
DA:40,0
DA:41,0
DA:42,0
DA:43,0
DA:47,0
DA:48,0
DA:49,0
DA:50,0
DA:51,0
DA:52,0
DA:53,0
DA:54,0
DA:55,0
DA:56,0
DA:57,0
LF:24
LH:1
end_of_record
SF:lib\ui\auth\authentication.dart
DA:16,0
DA:20,0
DA:25,0
DA:26,0
DA:27,0
DA:29,0
DA:30,0
DA:31,0
DA:32,0
DA:33,0
DA:34,0
DA:35,0
DA:36,0
DA:38,0
DA:39,0
DA:42,0
DA:44,0
DA:45,0
DA:46,0
DA:47,0
DA:48,0
DA:49,0
DA:50,0
DA:52,0
DA:61,0
DA:62,0
DA:64,0
DA:65,0
DA:66,0
DA:70,0
DA:71,0
DA:72,0
DA:73,0
DA:74,0
DA:80,0
DA:81,0
DA:82,0
DA:83,0
DA:94,18
DA:97,0
DA:98,0
DA:103,0
DA:104,0
DA:105,0
DA:108,0
DA:110,0
DA:112,0
DA:114,0
DA:118,0
LF:49
LH:1
end_of_record
SF:lib\ui\auth\login_page.dart
DA:22,2
DA:26,1
DA:27,1
DA:39,1
DA:41,1
DA:42,0
DA:43,1
DA:45,1
DA:46,2
DA:47,1
DA:48,1
DA:49,1
DA:50,1
DA:51,1
DA:52,2
DA:53,1
DA:54,1
DA:55,1
DA:57,2
DA:58,1
DA:61,1
DA:62,1
DA:67,1
DA:68,1
DA:70,2
DA:71,1
DA:73,1
DA:74,1
DA:76,1
DA:77,1
DA:79,2
DA:80,1
DA:81,0
DA:82,0
DA:83,0
DA:86,1
DA:88,2
DA:89,1
DA:91,1
DA:92,1
DA:93,1
DA:94,1
DA:96,1
DA:98,0
DA:99,0
DA:101,2
DA:102,2
DA:110,2
DA:111,1
DA:112,0
DA:113,0
DA:115,0
DA:119,1
DA:120,1
DA:121,2
DA:128,2
DA:129,4
DA:139,0
DA:141,0
DA:142,0
DA:143,0
DA:146,0
DA:148,0
DA:149,0
DA:150,0
DA:151,0
DA:152,0
DA:153,0
DA:154,0
DA:155,0
LF:70
LH:48
end_of_record
SF:lib\ui\groups\my_groups_page.dart
DA:23,6
DA:28,3
DA:30,3
DA:31,9
DA:32,3
DA:33,18
DA:34,10
DA:35,2
DA:36,12
DA:38,0
DA:41,3
DA:42,6
DA:43,3
DA:44,3
DA:45,3
DA:49,9
DA:50,2
DA:51,2
DA:52,2
DA:53,2
DA:56,1
DA:57,1
DA:58,1
DA:66,6
DA:72,3
DA:74,3
DA:76,3
DA:78,3
DA:80,3
DA:81,6
DA:82,6
DA:84,9
DA:85,3
DA:88,3
DA:89,3
DA:96,2
DA:101,1
DA:102,1
DA:106,1
DA:108,1
DA:109,1
DA:110,1
DA:112,1
DA:114,1
DA:116,1
DA:117,0
DA:118,1
DA:119,2
DA:120,1
DA:121,1
DA:122,1
DA:123,2
DA:124,1
DA:126,1
DA:127,1
DA:128,1
DA:129,1
DA:131,2
DA:132,1
DA:133,1
DA:136,2
DA:137,1
DA:138,1
DA:141,2
DA:142,5
DA:150,5
DA:151,1
DA:152,4
DA:158,4
DA:164,2
DA:166,2
DA:168,2
DA:171,2
DA:172,2
DA:173,0
DA:175,2
DA:176,4
DA:177,2
DA:179,2
DA:183,6
DA:184,2
DA:185,2
DA:186,0
DA:187,10
DA:189,2
DA:190,2
DA:191,2
DA:193,2
DA:196,6
DA:197,2
DA:200,2
DA:201,2
LF:92
LH:88
end_of_record
SF:lib\ui\widgets\button.dart
DA:6,10
DA:18,10
DA:31,10
DA:33,10
DA:34,10
DA:35,10
DA:36,10
DA:43,40
DA:45,10
DA:46,10
DA:48,10
DA:49,10
DA:50,10
DA:51,10
DA:53,0
DA:54,0
DA:56,10
DA:58,10
DA:59,2
DA:60,22
DA:61,40
DA:62,22
DA:63,2
LF:23
LH:21
end_of_record
SF:lib\ui\auth\register_page.dart
DA:21,2
DA:25,1
DA:26,1
DA:42,1
DA:44,1
DA:46,1
DA:47,2
DA:48,1
DA:49,1
DA:50,1
DA:51,1
DA:52,1
DA:53,2
DA:54,1
DA:55,1
DA:56,1
DA:58,2
DA:59,1
DA:62,1
DA:63,1
DA:68,1
DA:69,1
DA:71,2
DA:72,1
DA:75,1
DA:76,1
DA:81,1
DA:82,1
DA:84,2
DA:85,1
DA:87,1
DA:88,1
DA:90,1
DA:91,1
DA:93,2
DA:94,1
DA:95,0
DA:96,0
DA:97,0
DA:100,1
DA:101,1
DA:103,1
DA:104,1
DA:106,2
DA:107,1
DA:108,0
DA:109,0
DA:110,0
DA:113,1
DA:115,2
DA:116,1
DA:118,1
DA:119,1
DA:120,1
DA:121,1
DA:123,1
DA:125,0
DA:126,0
DA:128,2
DA:129,2
DA:136,2
DA:137,4
DA:146,0
DA:148,0
DA:150,0
DA:152,0
DA:154,0
DA:155,0
DA:156,0
DA:157,0
DA:158,0
DA:159,0
DA:160,0
DA:161,0
LF:74
LH:54
end_of_record
SF:lib\ui\auth\sign_up_with_google_button.dart
DA:13,4
DA:18,2
DA:20,2
DA:21,2
DA:23,0
DA:24,0
DA:25,0
DA:26,0
DA:27,0
DA:30,2
DA:31,2
DA:32,2
DA:34,2
DA:39,0
DA:41,0
DA:42,0
DA:43,0
DA:48,0
DA:49,0
DA:50,0
DA:53,0
DA:57,0
DA:59,0
DA:62,0
DA:65,0
DA:66,0
DA:67,0
DA:71,0
LF:28
LH:8
end_of_record
SF:lib\ui\constants\text_style_constants.dart
DA:9,0
DA:10,0
DA:13,0
DA:14,0
DA:15,0
DA:17,0
DA:23,0
DA:24,0
DA:25,0
DA:31,0
DA:38,0
DA:45,6
DA:50,2
DA:52,0
DA:59,0
DA:66,0
DA:73,39
DA:78,13
DA:80,0
DA:87,0
DA:94,39
DA:99,13
DA:101,0
DA:114,0
DA:121,0
DA:128,0
DA:135,0
DA:142,0
LF:28
LH:6
end_of_record
SF:lib\ui\widgets\dialogs\error_dialog.dart
DA:14,0
DA:16,0
DA:18,0
DA:21,0
DA:22,0
DA:23,0
DA:24,0
DA:26,0
DA:27,0
DA:28,0
DA:29,0
DA:30,0
DA:31,0
DA:33,0
DA:35,0
DA:40,0
DA:41,0
DA:42,0
DA:43,0
DA:44,0
LF:20
LH:0
end_of_record
SF:lib\ui\widgets\dialogs\forgot_password_dialog.dart
DA:13,18
DA:15,0
DA:17,0
DA:18,0
DA:19,0
DA:20,0
DA:23,0
DA:24,0
DA:25,0
DA:26,0
DA:28,0
DA:29,0
DA:30,0
DA:31,0
DA:32,0
DA:33,0
DA:35,0
DA:37,0
DA:39,0
DA:41,0
DA:50,0
DA:51,0
DA:57,0
DA:58,0
DA:59,0
DA:60,0
DA:61,0
DA:62,0
DA:63,0
DA:66,0
DA:67,0
DA:69,0
DA:70,0
DA:71,0
DA:73,0
DA:76,0
DA:77,0
DA:79,0
LF:38
LH:1
end_of_record
SF:lib\ui\widgets\input_field.dart
DA:23,8
DA:42,8
DA:44,8
DA:45,8
DA:51,8
DA:53,8
DA:54,0
DA:55,8
DA:56,3
DA:57,6
DA:59,12
DA:60,9
DA:62,0
DA:63,0
DA:67,8
DA:68,16
DA:69,16
DA:70,16
DA:71,16
DA:72,16
DA:73,16
DA:74,16
DA:75,16
DA:76,16
DA:77,16
DA:78,24
DA:79,8
DA:83,16
DA:84,3
DA:85,3
DA:86,9
DA:87,0
DA:88,0
DA:89,0
DA:94,16
DA:95,3
DA:97,6
DA:99,16
DA:100,8
DA:101,8
DA:102,8
DA:103,16
DA:106,8
DA:107,8
DA:108,8
DA:109,16
DA:112,8
DA:113,8
DA:114,8
DA:115,16
DA:118,8
DA:119,8
DA:120,8
DA:121,16
DA:124,8
DA:125,8
DA:130,16
DA:131,54
DA:132,16
DA:133,16
LF:60
LH:54
end_of_record
SF:lib\utils\screen_util_helper.dart
DA:3,32
DA:5,26
DA:7,0
LF:3
LH:2
end_of_record
SF:lib\utils\text_validator.dart
DA:4,0
DA:5,0
DA:6,0
DA:7,0
DA:12,0
DA:16,0
DA:18,0
DA:22,0
DA:23,0
DA:27,0
DA:28,0
DA:29,0
DA:30,0
LF:13
LH:0
end_of_record
SF:lib\ui\categories\categroy_details_page.dart
DA:20,0
DA:22,0
DA:31,0
DA:33,0
DA:34,0
DA:35,0
DA:36,0
DA:37,0
DA:38,0
DA:39,0
DA:40,0
DA:41,0
DA:43,0
DA:44,0
DA:45,0
DA:46,0
DA:47,0
DA:48,0
DA:49,0
DA:50,0
DA:51,0
DA:52,0
DA:53,0
DA:54,0
DA:55,0
DA:56,0
DA:57,0
DA:60,0
DA:61,0
DA:62,0
DA:63,0
DA:64,0
DA:65,0
DA:66,0
DA:67,0
DA:69,0
DA:72,0
DA:77,0
DA:78,0
DA:79,0
DA:80,0
DA:81,0
DA:82,0
DA:83,0
DA:84,0
DA:85,0
DA:87,0
DA:88,0
DA:89,0
DA:90,0
DA:91,0
DA:92,0
DA:93,0
DA:95,0
DA:96,0
DA:97,0
DA:100,0
DA:101,0
DA:102,0
DA:103,0
DA:104,0
DA:105,0
DA:108,0
DA:109,0
DA:110,0
DA:111,0
DA:117,0
DA:127,0
DA:134,0
DA:135,0
DA:136,0
DA:137,0
DA:139,0
DA:142,0
DA:143,0
DA:144,0
DA:145,0
DA:146,0
DA:147,0
DA:148,0
DA:152,0
DA:153,0
DA:156,0
DA:157,0
DA:159,0
DA:162,0
DA:163,0
LF:87
LH:0
end_of_record
SF:lib\ui\helpers\on_future_build_error.dart
DA:6,6
DA:9,3
DA:11,6
DA:12,0
LF:4
LH:3
end_of_record
SF:lib\ui\helpers\transaction_row_item.dart
DA:17,2
DA:23,1
DA:25,2
DA:28,1
DA:29,1
DA:30,1
DA:31,1
DA:32,0
DA:33,0
DA:34,0
DA:35,0
DA:36,0
DA:37,0
DA:55,2
DA:56,0
DA:57,0
DA:58,0
DA:59,0
DA:61,0
DA:63,0
DA:64,0
DA:65,0
DA:66,0
LF:23
LH:8
end_of_record
SF:lib\ui\widgets\spending_share_appbar.dart
DA:17,13
DA:27,13
DA:29,39
DA:34,13
DA:36,9
DA:37,0
DA:38,0
DA:40,9
DA:41,9
DA:42,9
DA:44,9
DA:47,9
DA:48,9
DA:49,18
DA:55,13
DA:57,3
DA:58,0
DA:59,0
DA:61,3
DA:63,3
DA:64,3
DA:65,3
DA:67,6
DA:69,3
DA:71,3
LF:25
LH:21
end_of_record
SF:lib\ui\widgets\tab.dart
DA:8,0
LF:1
LH:0
end_of_record
SF:lib\ui\widgets\tab_navigation.dart
DA:12,0
DA:14,0
DA:15,0
DA:21,0
DA:23,0
DA:24,0
DA:27,0
DA:29,0
DA:30,0
DA:31,0
DA:32,0
DA:33,0
DA:34,0
DA:35,0
DA:40,0
DA:42,0
DA:43,0
DA:44,0
DA:45,0
DA:46,0
DA:47,0
DA:48,0
DA:50,0
DA:52,0
DA:53,0
DA:54,0
DA:55,0
DA:56,0
DA:58,0
DA:59,0
DA:60,0
DA:61,0
DA:72,0
LF:33
LH:0
end_of_record
SF:lib\utils\number_helper.dart
DA:5,0
DA:6,0
DA:7,0
DA:8,0
DA:9,0
LF:5
LH:0
end_of_record
SF:lib\ui\groups\create\create_group_members_page.dart
DA:22,2
DA:26,1
DA:27,1
DA:34,1
DA:36,1
DA:37,0
DA:38,1
DA:39,2
DA:40,2
DA:41,1
DA:42,2
DA:43,1
DA:45,1
DA:46,1
DA:47,1
DA:50,2
DA:51,0
DA:52,0
DA:54,0
DA:55,0
DA:56,0
DA:57,0
DA:58,0
DA:64,1
DA:65,1
DA:68,2
DA:69,1
DA:70,0
DA:71,0
DA:72,0
DA:73,0
DA:77,1
DA:78,1
DA:79,1
DA:80,1
DA:81,2
DA:82,1
DA:83,1
DA:85,2
DA:86,1
DA:87,1
DA:89,0
DA:90,0
DA:91,0
DA:92,0
DA:95,1
DA:97,1
DA:98,1
DA:100,0
DA:101,0
DA:103,0
DA:105,0
DA:108,0
DA:109,0
DA:111,0
DA:112,0
DA:113,0
DA:114,0
DA:115,0
DA:116,0
DA:120,0
DA:121,0
DA:122,0
DA:123,0
DA:124,0
DA:125,0
DA:126,0
DA:130,0
DA:131,0
DA:132,0
DA:133,0
DA:134,0
DA:135,0
DA:138,0
DA:139,0
DA:142,0
DA:143,0
DA:145,0
DA:146,0
DA:147,0
DA:148,0
DA:150,0
DA:152,0
DA:154,0
DA:156,0
DA:157,0
DA:158,0
DA:159,0
DA:166,1
DA:171,1
DA:174,2
DA:175,1
LF:92
LH:36
end_of_record
SF:lib\ui\helpers\change_notifiers\create_group_change_notifier.dart
DA:7,8
DA:14,0
DA:16,2
DA:18,2
DA:20,2
DA:22,2
DA:23,2
DA:26,3
DA:27,3
DA:28,6
DA:29,6
DA:30,6
DA:31,6
DA:32,3
DA:35,1
DA:37,1
DA:38,1
DA:42,0
DA:43,0
DA:46,0
DA:47,0
DA:48,0
DA:51,0
DA:52,0
DA:53,0
DA:56,0
DA:57,0
DA:58,0
DA:61,0
DA:62,0
DA:63,0
DA:64,0
DA:65,0
DA:69,3
DA:70,3
DA:71,3
DA:72,6
LF:37
LH:20
end_of_record
SF:lib\ui\helpers\member_item.dart
DA:8,0
DA:15,0
DA:17,0
DA:18,0
DA:19,0
DA:20,0
DA:22,0
DA:24,0
DA:25,0
DA:26,0
DA:28,0
DA:29,0
DA:30,0
DA:31,0
DA:32,0
DA:33,0
DA:35,0
DA:36,0
DA:39,0
DA:40,0
DA:41,0
LF:21
LH:0
end_of_record
SF:lib\ui\groups\details\group_details_page.dart
DA:28,2
DA:34,1
DA:36,1
DA:37,1
DA:38,5
DA:39,1
DA:40,2
DA:41,2
DA:43,1
DA:44,1
DA:45,1
DA:47,1
DA:48,1
DA:49,0
DA:50,0
DA:51,0
DA:53,0
DA:54,0
DA:57,1
DA:58,2
DA:59,1
DA:60,1
DA:63,1
DA:64,1
DA:66,2
DA:68,1
DA:71,1
DA:72,1
DA:75,2
DA:76,0
DA:77,0
DA:78,0
DA:79,0
DA:80,0
DA:81,0
DA:82,0
DA:83,0
DA:84,0
DA:85,0
DA:86,0
DA:87,0
DA:88,0
DA:89,0
DA:92,0
DA:95,0
DA:96,0
DA:98,0
DA:99,0
DA:101,0
DA:102,0
DA:104,0
DA:105,0
DA:106,0
DA:111,0
DA:115,0
DA:117,1
DA:119,1
DA:121,1
DA:123,2
DA:125,1
DA:127,3
DA:128,1
DA:129,1
DA:130,1
DA:131,0
DA:132,0
DA:133,0
DA:134,0
DA:135,0
DA:136,0
DA:137,0
DA:138,0
DA:139,0
DA:140,0
DA:141,0
DA:142,0
DA:144,0
DA:145,0
DA:146,0
DA:148,0
DA:150,0
DA:151,0
DA:152,0
DA:155,0
DA:156,0
DA:159,0
DA:160,0
DA:161,0
DA:162,0
DA:163,0
DA:164,0
DA:165,0
DA:170,0
DA:174,1
DA:177,1
DA:179,1
DA:181,1
DA:183,2
DA:185,1
DA:186,1
DA:187,1
DA:188,1
DA:189,1
DA:190,1
DA:191,1
DA:194,1
DA:196,1
DA:198,1
DA:200,2
DA:202,1
DA:203,3
DA:204,1
DA:205,1
DA:206,1
DA:207,1
DA:208,1
DA:210,1
DA:213,1
DA:215,1
DA:217,1
DA:219,2
DA:221,2
DA:222,1
DA:224,1
DA:226,2
DA:231,1
DA:232,1
DA:233,1
DA:234,1
DA:235,1
DA:236,1
DA:237,1
DA:241,1
DA:242,2
DA:246,1
DA:251,1
DA:252,2
DA:253,3
DA:254,1
DA:256,0
LF:140
LH:79
end_of_record
SF:lib\ui\groups\create\create_group_page.dart
DA:23,2
DA:27,1
DA:28,1
DA:36,1
DA:38,1
DA:39,1
DA:40,1
DA:41,1
DA:43,1
DA:44,1
DA:45,1
DA:47,1
DA:48,1
DA:50,1
DA:51,0
DA:52,1
DA:53,2
DA:55,2
DA:56,1
DA:57,2
DA:58,1
DA:59,1
DA:60,2
DA:61,1
DA:62,1
DA:63,1
DA:66,1
DA:67,1
DA:68,1
DA:69,1
DA:70,2
DA:71,1
DA:72,1
DA:75,1
DA:77,2
DA:79,2
DA:80,2
DA:82,1
DA:84,1
DA:85,0
DA:86,0
DA:87,0
DA:88,0
DA:91,1
DA:96,1
DA:99,2
DA:100,1
LF:47
LH:42
end_of_record
SF:lib\ui\groups\create\select_currency.dart
DA:16,2
DA:21,1
DA:22,1
DA:28,1
DA:30,1
DA:32,2
DA:33,1
DA:34,2
DA:36,1
DA:37,2
DA:38,1
DA:39,2
DA:40,1
DA:41,2
DA:46,1
DA:47,1
DA:51,1
DA:53,1
DA:55,1
DA:56,0
DA:57,0
DA:58,0
DA:60,0
DA:61,0
DA:62,0
DA:65,1
DA:66,4
DA:67,1
DA:69,1
DA:71,1
DA:73,4
DA:74,1
DA:76,1
DA:78,4
DA:81,1
DA:90,1
DA:92,8
DA:93,1
DA:96,0
DA:97,0
DA:98,0
DA:103,0
DA:104,0
DA:109,0
DA:110,0
DA:111,0
DA:112,0
DA:114,0
DA:118,0
LF:49
LH:32
end_of_record
SF:lib\ui\helpers\change_notifiers\currency_change_notifier.dart
DA:4,4
DA:12,0
DA:14,2
DA:16,0
DA:18,0
DA:20,4
DA:22,3
DA:23,3
DA:26,3
DA:27,3
DA:30,0
DA:31,0
DA:32,0
DA:35,0
DA:36,0
DA:39,0
DA:40,0
DA:43,0
DA:44,0
DA:47,1
DA:48,1
DA:49,1
LF:22
LH:10
end_of_record
SF:lib\ui\groups\create\select_color.dart
DA:9,2
DA:13,1
DA:14,1
DA:20,1
DA:22,10
DA:23,1
DA:26,1
DA:28,1
DA:31,1
DA:32,1
DA:33,3
DA:35,2
DA:36,1
DA:37,1
DA:38,2
DA:39,1
DA:43,2
DA:44,1
DA:45,3
DA:47,1
DA:49,1
DA:51,1
DA:52,2
DA:53,1
DA:54,1
DA:56,2
DA:57,3
DA:58,3
DA:59,1
DA:60,1
DA:61,0
DA:62,0
DA:63,0
DA:64,0
DA:67,1
DA:68,2
LF:36
LH:32
end_of_record
SF:lib\ui\groups\create\select_icon.dart
DA:11,2
DA:15,1
DA:16,1
DA:22,1
DA:24,10
DA:25,1
DA:28,1
DA:30,1
DA:33,1
DA:34,1
DA:35,3
DA:37,2
DA:38,1
DA:39,1
DA:40,2
DA:41,1
DA:43,1
DA:45,1
DA:46,1
DA:48,2
DA:49,1
DA:50,1
DA:52,1
DA:53,0
DA:54,0
DA:55,0
DA:57,1
DA:58,4
DA:59,1
DA:60,4
LF:30
LH:27
end_of_record
SF:lib\utils\config\environment.dart
DA:7,0
DA:8,0
DA:11,0
DA:13,0
DA:20,0
DA:21,0
DA:24,0
DA:26,0
DA:27,0
DA:29,0
LF:10
LH:0
end_of_record
SF:lib\ui\groups\details\debts\debt_item.dart
DA:20,0
DA:31,0
DA:43,0
DA:47,0
DA:48,0
DA:50,0
DA:52,0
DA:53,0
DA:54,0
DA:55,0
DA:56,0
DA:57,0
DA:58,0
DA:59,0
DA:60,0
DA:61,0
DA:62,0
DA:63,0
DA:65,0
DA:66,0
DA:67,0
DA:69,0
DA:72,0
DA:73,0
DA:76,0
DA:78,0
DA:79,0
DA:80,0
DA:81,0
DA:82,0
DA:83,0
DA:84,0
DA:85,0
DA:86,0
DA:90,0
DA:91,0
DA:92,0
DA:93,0
DA:96,0
DA:97,0
DA:98,0
DA:99,0
DA:102,0
DA:103,0
DA:104,0
DA:106,0
DA:107,0
DA:108,0
DA:111,0
DA:114,0
DA:116,0
DA:117,0
DA:119,0
DA:123,0
DA:125,0
DA:127,0
DA:128,0
DA:129,0
DA:130,0
DA:139,0
DA:141,0
DA:142,0
DA:143,0
DA:144,0
DA:145,0
DA:146,0
DA:147,0
DA:148,0
DA:149,0
DA:150,0
DA:152,0
DA:153,0
DA:155,0
DA:156,0
DA:157,0
DA:158,0
DA:164,0
DA:168,0
DA:169,0
DA:170,0
DA:171,0
DA:172,0
DA:173,0
DA:174,0
DA:175,0
DA:176,0
DA:177,0
DA:179,0
DA:180,0
DA:185,0
LF:90
LH:0
end_of_record
SF:lib\ui\widgets\circle_icon_button.dart
DA:13,3
DA:20,3
DA:22,3
DA:24,3
DA:27,3
DA:28,3
DA:30,3
DA:31,3
DA:32,6
DA:35,3
DA:36,3
DA:37,3
DA:38,3
DA:39,9
DA:40,3
DA:41,3
DA:42,6
DA:43,6
DA:48,3
DA:49,3
DA:51,6
DA:52,3
DA:53,3
DA:54,6
DA:55,3
LF:25
LH:25
end_of_record
SF:lib\ui\widgets\dialogs\are_you_sure_dialog.dart
DA:15,0
DA:16,0
DA:18,0
DA:20,0
DA:23,0
DA:24,0
DA:25,0
DA:26,0
DA:28,0
DA:29,0
DA:30,0
DA:31,0
DA:32,0
DA:33,0
DA:35,0
DA:37,0
DA:42,0
DA:43,0
DA:44,0
DA:45,0
DA:46,0
DA:48,0
DA:49,0
DA:50,0
DA:51,0
DA:52,0
LF:26
LH:0
end_of_record
SF:lib\ui\groups\details\debts\debts_list.dart
DA:10,1
DA:12,1
DA:21,1
DA:23,4
DA:24,0
DA:25,0
DA:26,0
DA:27,0
DA:28,0
DA:29,0
DA:30,0
DA:31,0
DA:32,0
DA:33,0
DA:34,0
DA:35,0
DA:36,0
DA:37,0
DA:38,0
DA:39,0
DA:40,0
DA:41,0
DA:44,0
DA:48,0
LF:24
LH:4
end_of_record
SF:lib\ui\groups\details\statistics\statistics.dart
DA:6,2
DA:10,1
DA:12,1
DA:13,1
DA:15,2
DA:32,1
DA:33,1
DA:34,0
DA:35,1
DA:36,1
DA:37,2
DA:38,4
LF:12
LH:11
end_of_record
SF:lib\ui\groups\details\transactions\transactions_list.dart
DA:14,2
DA:20,1
DA:22,4
DA:23,0
DA:24,0
DA:25,0
DA:26,0
DA:27,0
DA:28,0
DA:29,0
DA:30,0
DA:31,0
DA:32,0
DA:33,0
DA:34,0
DA:35,0
DA:37,0
DA:38,0
DA:42,0
DA:47,0
DA:48,0
DA:49,0
DA:50,0
DA:51,0
DA:53,0
DA:54,0
DA:55,0
DA:56,0
LF:28
LH:3
end_of_record
SF:lib\ui\groups\settings\member_details_page.dart
DA:27,0
DA:33,0
DA:35,0
DA:36,0
DA:37,0
DA:38,0
DA:39,0
DA:40,0
DA:41,0
DA:42,0
DA:43,0
DA:44,0
DA:46,0
DA:47,0
DA:51,0
DA:52,0
DA:53,0
DA:54,0
DA:55,0
DA:56,0
DA:57,0
DA:59,0
DA:60,0
DA:61,0
DA:62,0
DA:63,0
DA:65,0
DA:66,0
DA:67,0
DA:68,0
DA:69,0
DA:73,0
DA:74,0
DA:76,0
DA:77,0
DA:78,0
DA:79,0
DA:80,0
DA:81,0
DA:82,0
DA:85,0
DA:87,0
DA:88,0
DA:89,0
DA:90,0
DA:92,0
DA:94,0
DA:97,0
DA:99,0
DA:100,0
DA:101,0
DA:102,0
DA:103,0
DA:109,0
DA:110,0
DA:115,0
DA:116,0
DA:117,0
DA:118,0
DA:119,0
DA:120,0
DA:121,0
DA:122,0
DA:123,0
DA:124,0
DA:125,0
DA:126,0
DA:127,0
DA:128,0
DA:130,0
DA:131,0
DA:132,0
DA:133,0
DA:134,0
DA:135,0
DA:136,0
DA:137,0
DA:138,0
DA:139,0
DA:140,0
DA:143,0
DA:144,0
DA:147,0
DA:148,0
DA:149,0
DA:150,0
DA:151,0
DA:152,0
DA:155,0
DA:156,0
DA:159,0
DA:160,0
DA:161,0
DA:162,0
DA:163,0
DA:164,0
DA:167,0
DA:168,0
DA:171,0
DA:172,0
DA:173,0
DA:174,0
DA:177,0
DA:178,0
DA:183,0
DA:188,0
DA:189,0
DA:190,0
DA:191,0
DA:192,0
DA:194,0
DA:195,0
DA:196,0
DA:197,0
DA:198,0
DA:202,0
DA:203,0
DA:205,0
DA:206,0
DA:207,0
DA:208,0
DA:209,0
DA:210,0
DA:211,0
DA:214,0
DA:216,0
DA:217,0
DA:218,0
DA:219,0
DA:221,0
DA:225,0
DA:227,0
DA:228,0
DA:229,0
DA:230,0
DA:231,0
DA:237,0
DA:238,0
DA:240,0
DA:241,0
DA:242,0
DA:243,0
DA:245,0
DA:247,0
DA:255,0
DA:259,0
DA:262,0
DA:263,0
DA:270,0
DA:279,0
DA:292,0
DA:294,0
DA:295,0
DA:296,0
DA:298,0
DA:300,0
DA:301,0
DA:304,0
DA:305,0
DA:306,0
DA:308,0
DA:309,0
DA:310,0
DA:311,0
DA:312,0
DA:313,0
DA:317,0
DA:319,0
DA:320,0
DA:321,0
DA:322,0
DA:323,0
DA:324,0
DA:328,0
DA:330,0
DA:331,0
DA:332,0
DA:333,0
DA:334,0
DA:335,0
DA:339,0
DA:340,0
DA:341,0
DA:342,0
DA:343,0
DA:344,0
DA:347,0
DA:348,0
DA:349,0
DA:350,0
DA:357,0
DA:358,0
DA:359,0
DA:360,0
DA:361,0
DA:362,0
DA:363,0
DA:366,0
DA:369,0
DA:370,0
DA:371,0
DA:372,0
DA:373,0
DA:374,0
DA:377,0
DA:380,0
DA:381,0
DA:382,0
DA:383,0
DA:384,0
DA:385,0
DA:387,0
DA:388,0
DA:391,0
DA:394,0
DA:395,0
DA:396,0
DA:397,0
DA:398,0
DA:399,0
DA:400,0
DA:401,0
DA:402,0
DA:406,0
DA:407,0
DA:410,0
DA:411,0
DA:413,0
DA:416,0
DA:417,0
LF:230
LH:0
end_of_record
SF:lib\ui\helpers\fab\create_transaction_fab.dart
DA:9,4
DA:14,2
DA:16,2
DA:18,2
DA:21,4
DA:23,0
DA:24,0
DA:25,0
LF:8
LH:5
end_of_record
SF:lib\ui\transactions\create_transaction_page.dart
DA:31,0
DA:38,0
DA:39,0
DA:43,0
DA:45,0
DA:47,0
DA:48,0
DA:49,0
DA:50,0
DA:52,0
DA:53,0
DA:54,0
DA:58,0
DA:60,0
DA:61,0
DA:62,0
DA:63,0
DA:65,0
DA:66,0
DA:68,0
DA:70,0
DA:71,0
DA:72,0
DA:73,0
DA:74,0
DA:76,0
DA:77,0
DA:79,0
DA:80,0
DA:82,0
DA:84,0
DA:88,0
DA:89,0
DA:90,0
DA:92,0
DA:95,0
DA:96,0
DA:97,0
DA:98,0
DA:99,0
DA:101,0
DA:102,0
DA:103,0
DA:104,0
DA:106,0
DA:109,0
DA:110,0
DA:112,0
DA:113,0
DA:114,0
DA:120,0
DA:121,0
DA:122,0
DA:123,0
DA:125,0
DA:126,0
DA:128,0
DA:130,0
DA:131,0
DA:132,0
DA:133,0
DA:134,0
DA:135,0
DA:137,0
DA:138,0
DA:139,0
DA:140,0
DA:143,0
DA:144,0
DA:145,0
DA:146,0
DA:147,0
DA:148,0
DA:149,0
DA:151,0
DA:152,0
DA:153,0
DA:154,0
DA:156,0
DA:158,0
DA:160,0
DA:162,0
DA:164,0
DA:165,0
DA:167,0
DA:168,0
DA:169,0
DA:170,0
DA:173,0
DA:174,0
DA:176,0
DA:180,0
DA:181,0
DA:182,0
DA:183,0
DA:185,0
DA:186,0
DA:187,0
DA:188,0
DA:190,0
DA:193,0
DA:195,0
DA:197,0
DA:199,0
DA:201,0
DA:202,0
DA:204,0
DA:205,0
DA:207,0
DA:210,0
DA:211,0
DA:212,0
DA:214,0
DA:215,0
DA:216,0
DA:218,0
DA:219,0
DA:220,0
DA:221,0
DA:222,0
DA:223,0
DA:224,0
DA:225,0
DA:233,0
DA:235,0
DA:236,0
DA:237,0
DA:238,0
DA:240,0
DA:247,0
DA:248,0
DA:249,0
DA:250,0
DA:251,0
DA:253,0
DA:254,0
DA:255,0
DA:258,0
DA:259,0
DA:260,0
DA:261,0
DA:268,0
DA:271,0
DA:272,0
LF:144
LH:0
end_of_record
SF:lib\ui\groups\settings\group_settings_page.dart
DA:20,1
DA:21,1
DA:28,1
DA:30,1
DA:31,2
DA:32,1
DA:33,2
DA:34,1
DA:35,1
DA:36,1
DA:37,1
DA:39,4
DA:40,1
DA:41,1
DA:44,0
DA:45,1
DA:47,2
DA:48,1
DA:50,4
DA:51,1
DA:52,1
DA:55,0
DA:56,0
DA:59,1
DA:61,2
DA:62,1
DA:64,4
DA:65,1
DA:66,1
DA:69,0
DA:70,1
DA:72,2
DA:73,1
DA:75,4
DA:76,1
DA:77,1
DA:80,0
DA:81,0
DA:82,0
DA:83,0
DA:85,1
DA:87,2
DA:88,1
DA:90,4
DA:91,1
DA:92,1
DA:95,0
DA:96,0
DA:97,0
DA:99,1
DA:102,5
DA:103,2
DA:104,1
DA:105,1
DA:107,1
DA:108,0
DA:109,0
DA:111,0
DA:112,0
DA:113,0
DA:114,0
DA:115,0
DA:116,0
DA:117,0
DA:119,0
DA:123,1
DA:124,2
DA:125,3
DA:126,4
DA:128,1
DA:130,1
DA:131,0
DA:132,0
DA:134,0
DA:135,0
DA:136,0
DA:137,0
DA:138,0
DA:139,0
DA:140,0
DA:142,0
DA:146,1
DA:147,2
DA:148,3
DA:149,4
DA:155,1
DA:157,1
DA:159,2
LF:88
LH:57
end_of_record
SF:lib\ui\transactions\transaction_list_page.dart
DA:14,1
DA:20,1
DA:27,1
DA:29,1
DA:30,1
DA:31,1
DA:33,1
DA:34,2
DA:35,1
DA:36,1
DA:37,1
DA:38,1
DA:39,1
DA:42,2
DA:43,1
DA:44,1
DA:45,3
DA:46,1
DA:47,2
DA:48,2
DA:49,1
DA:51,2
DA:52,1
DA:53,1
DA:56,1
DA:60,0
DA:62,0
DA:65,0
DA:66,0
DA:67,0
DA:68,0
DA:69,0
DA:70,0
DA:71,0
DA:74,0
DA:76,2
DA:81,1
DA:83,1
DA:85,2
DA:87,1
DA:88,1
DA:89,1
LF:42
LH:32
end_of_record
SF:lib\ui\groups\join\join_group_input_and_buttons.dart
DA:14,4
DA:19,2
DA:20,2
DA:29,2
DA:31,2
DA:32,2
DA:33,2
DA:34,2
DA:35,2
DA:36,2
DA:37,2
DA:39,2
DA:40,2
DA:41,2
DA:42,2
DA:44,4
DA:46,4
DA:47,4
DA:50,4
DA:51,2
DA:52,4
DA:53,6
DA:55,0
DA:56,0
DA:57,0
DA:58,0
DA:62,2
DA:64,2
DA:65,4
DA:67,0
DA:68,0
DA:70,2
DA:76,0
DA:77,0
DA:78,0
DA:79,0
DA:80,0
DA:86,0
DA:87,0
DA:88,0
DA:90,0
DA:91,0
DA:92,0
DA:93,0
LF:44
LH:26
end_of_record
SF:lib\ui\groups\who_are_you.dart
DA:24,2
DA:31,1
DA:33,1
DA:34,1
DA:35,1
DA:36,1
DA:38,1
DA:39,1
DA:40,1
DA:42,1
DA:43,0
DA:44,1
DA:45,2
DA:46,1
DA:48,1
DA:49,1
DA:50,1
DA:51,7
DA:52,1
DA:53,5
DA:55,1
DA:56,1
DA:57,0
DA:58,0
DA:59,0
DA:60,0
DA:61,0
DA:63,0
DA:64,0
DA:66,0
DA:73,1
DA:74,1
DA:77,1
DA:78,1
DA:81,2
DA:82,1
DA:84,1
DA:89,1
DA:90,1
DA:91,1
DA:93,1
DA:95,1
DA:96,1
DA:99,2
DA:100,1
DA:101,1
DA:103,0
DA:104,0
DA:105,0
DA:107,0
DA:109,0
DA:110,0
DA:111,0
DA:112,0
DA:116,0
DA:117,0
DA:119,0
DA:120,0
DA:121,0
DA:124,0
DA:125,0
DA:126,0
DA:127,0
DA:128,0
DA:132,1
DA:138,1
DA:141,1
DA:142,1
DA:147,0
DA:148,0
DA:150,0
DA:152,0
DA:153,0
DA:154,0
DA:155,0
DA:157,0
DA:158,0
DA:160,0
DA:161,0
DA:162,0
DA:163,0
DA:166,0
DA:168,0
DA:169,0
DA:170,0
DA:171,0
DA:172,0
DA:174,0
LF:88
LH:41
end_of_record
SF:lib\ui\groups\join\join_page.dart
DA:13,2
DA:18,1
DA:19,1
DA:23,1
DA:25,1
DA:26,0
DA:27,1
DA:29,2
DA:30,1
DA:31,2
DA:32,1
DA:33,1
DA:34,1
DA:35,2
DA:36,1
DA:38,1
DA:39,1
DA:40,1
DA:41,1
DA:43,2
DA:44,1
DA:45,1
DA:48,2
DA:49,5
DA:56,5
DA:57,1
DA:60,2
DA:61,2
LF:28
LH:27
end_of_record
SF:lib\ui\helpers\fab\create_group_fab.dart
DA:10,8
DA:15,4
DA:17,4
DA:19,4
DA:22,4
DA:24,0
LF:6
LH:5
end_of_record
SF:lib\utils\loading_indicator.dart
DA:5,36
DA:7,0
DA:9,5
DA:11,5
DA:13,5
DA:14,10
LF:6
LH:5
end_of_record
SF:lib\ui\groups\settings\group_categories_page.dart
DA:29,2
DA:34,1
DA:35,1
DA:39,1
DA:41,1
DA:42,2
DA:43,1
DA:44,2
DA:45,1
DA:46,10
DA:47,1
DA:48,5
DA:50,1
DA:51,1
DA:52,1
DA:53,3
DA:55,5
DA:58,1
DA:62,3
DA:63,1
DA:65,1
DA:66,4
DA:68,1
DA:69,1
DA:70,1
DA:71,1
DA:72,2
DA:73,2
DA:75,1
DA:76,3
DA:78,1
DA:79,1
DA:80,2
DA:81,1
DA:82,0
DA:85,0
DA:86,0
DA:87,0
DA:88,0
DA:89,0
DA:90,0
DA:91,0
DA:92,0
DA:93,0
DA:95,0
DA:97,0
DA:98,0
DA:102,0
DA:103,0
DA:104,0
DA:107,0
DA:108,0
DA:109,0
DA:110,0
DA:111,0
DA:112,0
DA:113,0
DA:114,0
DA:115,0
DA:118,0
DA:119,0
DA:121,0
DA:122,0
DA:123,0
DA:126,0
DA:127,0
DA:129,0
DA:135,0
DA:138,0
DA:139,0
DA:140,0
DA:142,0
DA:145,3
DA:147,1
DA:148,1
DA:151,1
DA:153,1
DA:158,1
DA:159,1
DA:160,0
DA:161,0
DA:162,0
DA:164,0
DA:165,0
DA:166,0
DA:167,0
DA:168,0
DA:172,0
DA:174,0
DA:175,0
DA:176,0
DA:177,0
DA:178,0
DA:179,0
DA:180,0
DA:182,0
DA:183,0
DA:184,0
DA:186,0
DA:187,0
DA:189,0
DA:191,0
DA:194,0
DA:199,0
DA:204,1
DA:205,3
DA:206,2
DA:207,1
DA:209,1
DA:218,1
DA:224,1
DA:226,2
DA:228,3
DA:230,1
DA:232,2
DA:233,2
DA:238,0
DA:239,0
DA:241,0
DA:242,0
DA:244,0
DA:245,0
DA:246,0
DA:247,0
DA:248,0
DA:251,0
DA:252,0
DA:254,0
DA:256,0
DA:257,0
DA:258,0
DA:259,0
DA:262,0
DA:263,0
DA:264,0
DA:266,0
DA:267,0
DA:268,0
DA:269,0
DA:271,0
LF:140
LH:53
end_of_record
SF:lib\ui\helpers\fab\create_category_fab.dart
DA:20,2
DA:28,1
DA:30,1
DA:31,3
DA:32,1
DA:34,1
DA:36,1
DA:37,2
DA:39,0
DA:42,0
DA:43,0
DA:44,0
DA:45,0
DA:46,0
DA:47,0
DA:48,0
DA:49,0
DA:50,0
DA:51,0
DA:52,0
DA:54,0
DA:55,0
DA:57,0
DA:58,0
DA:59,0
DA:60,0
DA:61,0
DA:64,0
DA:65,0
DA:66,0
DA:67,0
DA:68,0
DA:69,0
DA:70,0
DA:71,0
DA:74,0
DA:75,0
DA:77,0
DA:78,0
DA:79,0
DA:82,0
DA:83,0
DA:85,0
DA:91,0
DA:94,0
DA:95,0
DA:96,0
DA:97,0
DA:100,0
DA:101,0
DA:102,0
DA:104,0
DA:105,0
DA:106,0
DA:107,0
LF:55
LH:8
end_of_record
SF:lib\ui\widgets\dialogs\helpers\select_category_icon.dart
DA:10,0
DA:15,0
DA:16,0
DA:22,0
DA:24,0
DA:25,0
DA:28,0
DA:30,0
DA:32,0
DA:33,0
DA:34,0
DA:36,0
DA:37,0
DA:38,0
DA:39,0
DA:40,0
DA:42,0
DA:44,0
DA:45,0
DA:47,0
DA:48,0
DA:49,0
DA:51,0
DA:52,0
DA:53,0
DA:54,0
DA:56,0
DA:57,0
DA:58,0
DA:59,0
LF:30
LH:0
end_of_record
SF:lib\ui\widgets\dialogs\helpers\select_icon_change_notifier.dart
DA:4,2
DA:8,0
DA:9,0
DA:10,0
LF:4
LH:1
end_of_record
SF:lib\ui\widgets\dialogs\select_new_category_dialog.dart
DA:10,0
DA:16,0
DA:17,0
DA:24,0
DA:26,0
DA:27,0
DA:28,0
DA:31,0
DA:33,0
DA:36,0
DA:37,0
DA:38,0
DA:39,0
DA:41,0
DA:42,0
DA:43,0
DA:44,0
DA:45,0
DA:46,0
DA:48,0
DA:50,0
DA:52,0
DA:53,0
DA:54,0
DA:55,0
DA:60,0
DA:61,0
DA:65,0
DA:67,0
DA:69,0
DA:70,0
DA:71,0
DA:72,0
DA:75,0
DA:76,0
DA:77,0
DA:79,0
DA:81,0
DA:83,0
DA:84,0
DA:86,0
DA:88,0
DA:91,0
DA:97,0
DA:98,0
DA:99,0
DA:100,0
DA:101,0
DA:103,0
DA:104,0
DA:105,0
DA:106,0
DA:107,0
LF:53
LH:0
end_of_record
SF:lib\ui\groups\settings\group_edit_page.dart
DA:30,0
DA:35,0
DA:36,0
DA:44,0
DA:46,0
DA:47,0
DA:50,0
DA:52,0
DA:53,0
DA:54,0
DA:55,0
DA:57,0
DA:58,0
DA:59,0
DA:61,0
DA:62,0
DA:64,0
DA:65,0
DA:66,0
DA:67,0
DA:69,0
DA:70,0
DA:71,0
DA:72,0
DA:73,0
DA:74,0
DA:75,0
DA:76,0
DA:77,0
DA:80,0
DA:81,0
DA:82,0
DA:83,0
DA:84,0
DA:85,0
DA:86,0
DA:89,0
DA:91,0
DA:93,0
DA:94,0
DA:96,0
DA:97,0
DA:98,0
DA:99,0
DA:100,0
DA:102,0
DA:103,0
DA:104,0
DA:105,0
DA:106,0
DA:107,0
DA:109,0
DA:110,0
DA:112,0
DA:113,0
DA:115,0
DA:116,0
DA:118,0
DA:119,0
DA:121,0
DA:124,0
DA:125,0
DA:132,0
DA:134,0
DA:136,0
DA:137,0
DA:138,0
DA:139,0
DA:146,0
DA:151,0
DA:154,0
DA:155,0
DA:162,0
DA:164,0
DA:168,0
DA:169,0
DA:174,0
DA:175,0
DA:176,0
DA:177,0
DA:179,0
LF:81
LH:0
end_of_record
SF:lib\ui\groups\settings\group_members_page.dart
DA:25,0
DA:31,0
DA:33,0
DA:34,0
DA:35,0
DA:36,0
DA:38,0
DA:39,0
DA:40,0
DA:42,0
DA:43,0
DA:44,0
DA:45,0
DA:46,0
DA:48,0
DA:49,0
DA:50,0
DA:51,0
DA:52,0
DA:53,0
DA:55,0
DA:56,0
DA:57,0
DA:58,0
DA:59,0
DA:60,0
DA:61,0
DA:62,0
DA:63,0
DA:65,0
DA:66,0
DA:67,0
DA:68,0
DA:70,0
DA:71,0
DA:72,0
DA:73,0
DA:74,0
DA:78,0
DA:79,0
DA:81,0
DA:82,0
DA:83,0
DA:84,0
DA:85,0
DA:86,0
DA:87,0
DA:90,0
DA:92,0
DA:93,0
DA:94,0
DA:95,0
DA:97,0
DA:101,0
DA:103,0
DA:104,0
DA:105,0
DA:106,0
DA:107,0
DA:113,0
DA:115,0
DA:122,0
DA:123,0
DA:126,0
DA:127,0
DA:129,0
DA:134,0
DA:135,0
DA:136,0
DA:138,0
DA:140,0
DA:141,0
DA:144,0
DA:145,0
DA:146,0
DA:148,0
DA:149,0
DA:150,0
DA:151,0
DA:153,0
DA:155,0
DA:157,0
DA:159,0
DA:160,0
DA:161,0
DA:163,0
DA:166,0
DA:172,0
DA:175,0
DA:176,0
LF:90
LH:0
end_of_record
SF:lib\ui\groups\settings\group_statistics_page.dart
DA:23,2
DA:29,1
DA:31,1
DA:32,2
DA:33,1
DA:34,2
DA:35,1
DA:36,8
DA:37,3
DA:38,0
DA:39,0
DA:40,0
DA:42,2
DA:43,2
DA:47,1
DA:48,2
DA:49,2
DA:50,4
DA:51,1
DA:52,1
DA:53,3
DA:57,0
DA:58,0
DA:59,0
DA:60,0
DA:61,0
DA:62,0
DA:63,0
DA:64,0
DA:65,0
DA:66,0
DA:67,0
DA:68,0
DA:70,0
DA:71,0
DA:72,0
DA:73,0
DA:74,0
DA:75,0
DA:76,0
DA:77,0
DA:78,0
DA:80,0
DA:81,0
DA:82,0
DA:83,0
DA:84,0
DA:86,0
DA:87,0
DA:88,0
DA:89,0
DA:90,0
DA:91,0
DA:92,0
DA:93,0
DA:96,0
DA:100,0
DA:101,0
DA:102,0
DA:103,0
DA:104,0
DA:105,0
DA:108,0
DA:112,0
DA:113,0
DA:114,0
DA:115,0
DA:116,0
DA:117,0
DA:120,0
DA:124,0
DA:125,0
DA:126,0
DA:127,0
DA:130,0
DA:137,0
DA:141,0
DA:149,1
DA:153,1
DA:156,1
DA:157,2
DA:164,0
DA:173,0
DA:186,0
DA:188,0
DA:189,0
DA:190,0
DA:192,0
DA:194,0
DA:195,0
DA:198,0
DA:199,0
DA:200,0
DA:201,0
DA:202,0
DA:204,0
DA:205,0
DA:206,0
DA:207,0
DA:208,0
DA:209,0
DA:213,0
DA:215,0
DA:216,0
DA:217,0
DA:218,0
DA:219,0
DA:220,0
DA:224,0
DA:226,0
DA:227,0
DA:228,0
DA:229,0
DA:230,0
DA:231,0
DA:235,0
DA:236,0
DA:237,0
DA:238,0
DA:239,0
DA:240,0
DA:243,0
DA:244,0
DA:245,0
DA:246,0
DA:249,0
DA:250,0
DA:251,0
DA:252,0
DA:253,0
DA:254,0
DA:262,0
DA:264,0
DA:266,0
DA:267,0
DA:268,0
DA:269,0
DA:270,0
DA:271,0
DA:272,0
DA:273,0
DA:274,0
DA:275,0
DA:276,0
DA:282,0
DA:284,0
DA:285,0
DA:286,0
DA:287,0
DA:288,0
DA:289,0
DA:290,0
DA:297,0
DA:299,0
DA:300,0
DA:301,0
DA:302,0
DA:303,0
DA:304,0
DA:308,0
DA:309,0
DA:312,0
DA:313,0
DA:315,0
DA:318,0
DA:319,0
DA:322,0
DA:323,0
DA:324,0
DA:325,0
DA:326,0
DA:329,0
DA:332,0
DA:333,0
DA:334,0
DA:335,0
DA:336,0
DA:339,0
DA:342,0
DA:343,0
DA:344,0
DA:345,0
DA:346,0
DA:349,0
LF:184
LH:22
end_of_record
SF:lib\ui\helpers\change_notifiers\transaction_change_notifier.dart
DA:13,0
DA:23,0
DA:25,0
DA:27,0
DA:29,0
DA:31,0
DA:33,0
DA:35,0
DA:37,0
DA:38,0
DA:41,0
DA:43,0
DA:44,0
DA:48,0
DA:49,0
DA:50,0
DA:53,0
DA:54,0
DA:55,0
DA:58,0
DA:59,0
DA:60,0
DA:63,0
DA:64,0
DA:67,0
DA:68,0
DA:71,0
DA:72,0
DA:73,0
DA:76,0
DA:77,0
DA:78,0
DA:81,0
DA:82,0
DA:85,0
DA:86,0
DA:88,0
DA:89,0
DA:91,0
DA:92,0
DA:93,0
DA:96,0
DA:99,0
DA:100,0
DA:101,0
DA:102,0
DA:103,0
DA:104,0
DA:105,0
DA:106,0
DA:109,0
DA:112,0
DA:113,0
DA:114,0
DA:115,0
DA:116,0
DA:119,0
DA:120,0
DA:122,0
DA:123,0
DA:126,0
DA:127,0
DA:128,0
DA:129,0
DA:131,0
DA:133,0
DA:134,0
DA:136,0
DA:138,0
DA:139,0
DA:140,0
DA:143,0
DA:145,0
DA:148,0
DA:149,0
DA:150,0
DA:151,0
DA:152,0
DA:153,0
DA:158,0
DA:159,0
DA:160,0
DA:163,0
DA:164,0
DA:166,0
DA:167,0
DA:170,0
DA:173,0
DA:174,0
DA:175,0
DA:176,0
DA:178,0
DA:179,0
DA:180,0
DA:181,0
DA:184,0
DA:185,0
DA:190,0
DA:191,0
DA:194,0
DA:195,0
DA:196,0
DA:199,0
DA:200,0
DA:201,0
DA:204,0
DA:205,0
DA:208,0
DA:209,0
DA:215,0
DA:216,0
DA:217,0
DA:220,0
DA:221,0
DA:224,0
DA:225,0
DA:231,0
DA:232,0
DA:233,0
DA:236,0
DA:237,0
DA:240,0
DA:241,0
DA:247,0
DA:248,0
DA:249,0
DA:250,0
DA:251,0
DA:252,0
DA:253,0
DA:254,0
DA:255,0
LF:132
LH:0
end_of_record
SF:lib\ui\helpers\expense_row_item.dart
DA:16,2
DA:21,1
DA:23,1
DA:24,5
DA:25,8
DA:27,1
DA:28,3
DA:29,1
DA:30,2
DA:31,0
DA:32,0
DA:33,0
DA:34,0
DA:35,0
DA:37,0
DA:38,0
DA:40,0
DA:41,0
DA:42,0
DA:43,0
DA:44,0
DA:45,0
DA:46,0
DA:47,0
DA:48,0
DA:49,0
DA:51,0
DA:54,0
DA:58,0
DA:60,0
DA:61,0
DA:62,0
DA:63,0
DA:64,0
DA:68,0
DA:69,0
DA:70,0
DA:71,0
DA:72,0
DA:73,0
DA:74,0
DA:75,0
DA:77,0
DA:78,0
DA:81,0
DA:85,0
DA:93,1
LF:47
LH:10
end_of_record
SF:lib\ui\helpers\income_row_item.dart
DA:15,0
DA:20,0
DA:22,0
DA:23,0
DA:24,0
DA:25,0
DA:26,0
DA:27,0
DA:29,0
DA:30,0
DA:31,0
DA:32,0
DA:33,0
DA:37,0
DA:39,0
DA:40,0
DA:41,0
DA:42,0
DA:43,0
DA:47,0
DA:48,0
DA:49,0
DA:50,0
DA:51,0
DA:52,0
DA:53,0
DA:54,0
DA:56,0
DA:57,0
DA:60,0
DA:64,0
LF:31
LH:0
end_of_record
SF:lib\ui\helpers\transfer_row_item.dart
DA:15,0
DA:20,0
DA:22,0
DA:23,0
DA:24,0
DA:25,0
DA:26,0
DA:27,0
DA:28,0
DA:29,0
DA:30,0
DA:32,0
DA:33,0
DA:35,0
DA:36,0
DA:37,0
DA:38,0
DA:39,0
DA:43,0
DA:45,0
DA:46,0
DA:47,0
DA:48,0
DA:49,0
DA:50,0
DA:51,0
DA:52,0
DA:53,0
DA:54,0
DA:56,0
DA:57,0
DA:60,0
DA:69,0
LF:33
LH:0
end_of_record
SF:lib\ui\transactions\expense\expense_details_first_page.dart
DA:28,0
DA:35,0
DA:43,0
DA:44,0
DA:48,0
DA:50,0
DA:52,0
DA:53,0
DA:54,0
DA:55,0
DA:57,0
DA:58,0
DA:59,0
DA:60,0
DA:61,0
DA:62,0
DA:66,0
DA:68,0
DA:69,0
DA:70,0
DA:71,0
DA:73,0
DA:74,0
DA:76,0
DA:78,0
DA:79,0
DA:80,0
DA:81,0
DA:82,0
DA:84,0
DA:85,0
DA:87,0
DA:89,0
DA:91,0
DA:95,0
DA:97,0
DA:101,0
DA:102,0
DA:103,0
DA:104,0
DA:105,0
DA:106,0
DA:110,0
DA:111,0
DA:114,0
DA:115,0
DA:116,0
DA:117,0
DA:120,0
DA:121,0
DA:122,0
DA:123,0
DA:124,0
DA:128,0
DA:129,0
DA:130,0
DA:135,0
DA:136,0
DA:137,0
DA:138,0
DA:140,0
DA:141,0
DA:143,0
DA:145,0
DA:146,0
DA:147,0
DA:148,0
DA:149,0
DA:150,0
DA:152,0
DA:153,0
DA:154,0
DA:155,0
DA:157,0
DA:159,0
DA:161,0
DA:163,0
DA:165,0
DA:166,0
DA:168,0
DA:169,0
DA:170,0
DA:171,0
DA:174,0
DA:175,0
DA:177,0
DA:180,0
DA:181,0
DA:182,0
DA:183,0
DA:185,0
DA:186,0
DA:187,0
DA:188,0
DA:190,0
DA:193,0
DA:195,0
DA:197,0
DA:199,0
DA:201,0
DA:202,0
DA:204,0
DA:205,0
DA:207,0
DA:210,0
DA:211,0
DA:212,0
DA:214,0
DA:215,0
DA:216,0
DA:218,0
DA:219,0
DA:220,0
DA:221,0
DA:222,0
DA:223,0
DA:224,0
DA:225,0
DA:233,0
DA:235,0
DA:236,0
DA:237,0
DA:238,0
DA:240,0
DA:247,0
DA:248,0
DA:249,0
DA:250,0
DA:251,0
DA:253,0
DA:254,0
DA:255,0
DA:258,0
DA:259,0
DA:260,0
DA:261,0
DA:268,0
DA:271,0
DA:272,0
LF:139
LH:0
end_of_record
SF:lib\ui\transactions\income\income_details.dart
DA:11,0
DA:17,0
DA:19,0
DA:20,0
DA:21,0
DA:23,0
DA:24,0
DA:25,0
DA:26,0
DA:27,0
DA:31,0
DA:33,0
DA:35,0
LF:13
LH:0
end_of_record
SF:lib\ui\transactions\transfer\transfer_details.dart
DA:11,0
DA:17,0
DA:19,0
DA:20,0
DA:21,0
DA:23,0
DA:24,0
DA:25,0
DA:26,0
DA:27,0
DA:31,0
DA:33,0
DA:35,0
LF:13
LH:0
end_of_record
SF:lib\ui\profile\profile_page.dart
DA:19,2
DA:24,1
DA:25,1
DA:29,3
DA:30,3
DA:31,3
DA:32,3
DA:49,1
DA:51,1
DA:52,3
DA:53,5
DA:54,3
DA:55,4
DA:56,6
DA:57,4
DA:59,0
DA:61,4
DA:64,1
DA:66,1
DA:67,1
DA:68,1
DA:71,1
DA:72,2
DA:73,1
DA:74,1
DA:75,1
DA:76,2
DA:77,1
DA:78,1
DA:79,1
DA:82,1
DA:83,1
DA:84,1
DA:86,2
DA:88,1
DA:89,1
DA:90,2
DA:91,2
DA:94,2
DA:95,1
DA:96,1
DA:97,1
DA:100,1
DA:101,1
DA:102,1
DA:104,2
DA:106,1
DA:107,1
DA:108,2
DA:109,2
DA:112,2
DA:113,1
DA:114,1
DA:115,1
DA:116,1
DA:117,1
DA:118,0
DA:119,0
DA:122,1
DA:123,1
DA:125,1
DA:126,1
DA:127,2
DA:128,2
DA:130,2
DA:131,1
DA:132,0
DA:133,0
DA:134,0
DA:137,1
DA:138,1
DA:139,1
DA:141,2
DA:143,1
DA:144,1
DA:145,2
DA:146,2
DA:151,2
DA:152,1
DA:153,1
DA:154,1
DA:157,1
DA:158,1
DA:159,1
DA:161,2
DA:163,1
DA:164,1
DA:165,2
DA:166,2
DA:169,2
DA:170,1
DA:174,1
DA:176,1
DA:178,2
DA:180,1
DA:181,1
DA:182,2
DA:183,2
DA:185,2
DA:186,1
DA:188,2
DA:189,1
DA:190,0
DA:191,0
DA:192,0
DA:193,0
DA:195,0
DA:197,0
DA:199,0
DA:200,0
DA:201,0
DA:202,0
DA:203,0
DA:209,0
DA:210,0
DA:211,0
DA:214,0
DA:215,0
DA:216,0
DA:217,0
DA:218,0
DA:221,0
DA:223,0
DA:224,0
DA:225,0
DA:226,0
DA:227,0
DA:233,0
DA:235,0
DA:237,0
DA:239,0
DA:240,0
DA:241,0
DA:242,0
DA:243,0
DA:249,0
DA:250,0
DA:252,0
DA:253,0
DA:254,0
DA:257,0
DA:259,0
DA:260,0
DA:261,0
DA:262,0
DA:263,0
DA:271,2
DA:272,1
DA:274,1
DA:275,1
DA:277,3
DA:278,2
DA:279,5
DA:280,1
DA:281,0
DA:285,1
DA:287,3
DA:288,2
DA:289,5
DA:290,1
DA:291,0
DA:292,0
DA:293,0
DA:294,0
DA:295,0
DA:304,1
DA:307,2
DA:308,2
LF:168
LH:112
end_of_record
SF:lib\ui\settings\create_category_data_fab.dart
DA:19,1
DA:20,1
DA:27,1
DA:29,1
DA:30,1
DA:31,1
DA:32,1
DA:33,1
DA:35,1
DA:38,1
DA:40,0
DA:43,0
DA:44,0
DA:45,0
DA:46,0
DA:47,0
DA:48,0
DA:49,0
DA:50,0
DA:52,0
DA:54,0
DA:55,0
DA:59,0
DA:60,0
DA:61,0
DA:64,0
DA:65,0
DA:66,0
DA:67,0
DA:68,0
DA:69,0
DA:70,0
DA:71,0
DA:74,0
DA:75,0
DA:77,0
DA:78,0
DA:79,0
DA:82,0
DA:83,0
DA:85,0
DA:91,0
DA:94,0
DA:95,0
DA:96,0
LF:45
LH:10
end_of_record
SF:lib\ui\settings\settings_page.dart
DA:28,2
DA:32,1
DA:33,1
DA:41,1
DA:43,3
DA:44,10
DA:45,10
DA:46,1
DA:49,0
DA:51,1
DA:52,1
DA:53,1
DA:55,1
DA:56,2
DA:57,1
DA:58,2
DA:59,1
DA:60,1
DA:62,1
DA:63,1
DA:64,2
DA:65,1
DA:67,1
DA:68,2
DA:69,1
DA:70,2
DA:71,1
DA:72,3
DA:77,1
DA:83,1
DA:85,2
DA:87,1
DA:88,0
DA:89,0
DA:91,0
DA:92,0
DA:95,1
DA:96,4
DA:97,1
DA:99,1
DA:101,1
DA:103,4
DA:104,1
DA:106,1
DA:108,4
DA:111,1
DA:117,1
DA:118,2
DA:119,1
DA:121,1
DA:122,2
DA:123,1
DA:124,2
DA:125,1
DA:126,3
DA:131,1
DA:137,1
DA:139,2
DA:141,1
DA:142,0
DA:143,0
DA:145,0
DA:146,0
DA:149,1
DA:150,3
DA:151,1
DA:153,1
DA:155,1
DA:157,3
DA:158,1
DA:160,1
DA:162,4
DA:165,1
DA:171,2
DA:172,1
DA:175,1
DA:176,1
DA:177,3
DA:179,2
DA:180,1
DA:181,1
DA:182,1
DA:186,2
DA:187,1
DA:188,3
DA:190,1
DA:192,1
DA:194,1
DA:195,1
DA:196,1
DA:198,2
DA:199,3
DA:200,3
DA:201,1
DA:202,1
DA:203,0
DA:204,0
DA:205,0
DA:206,0
DA:207,0
DA:208,0
DA:209,0
DA:210,0
DA:213,1
DA:214,2
DA:225,2
DA:226,1
DA:229,1
DA:230,1
DA:231,3
DA:233,2
DA:234,1
DA:235,1
DA:236,1
DA:238,1
DA:240,1
DA:241,1
DA:243,2
DA:244,1
DA:245,1
DA:247,1
DA:248,0
DA:249,0
DA:250,0
DA:251,0
DA:252,0
DA:253,0
DA:254,0
DA:255,0
DA:256,0
DA:259,1
DA:260,4
DA:261,1
DA:262,5
DA:270,2
DA:271,1
DA:272,7
DA:273,1
DA:274,1
DA:275,1
DA:279,3
DA:280,0
DA:281,0
DA:282,0
DA:283,0
DA:284,0
DA:285,0
DA:286,0
DA:287,0
DA:288,0
DA:289,0
DA:292,0
DA:294,0
DA:295,0
DA:296,0
DA:297,0
DA:298,0
DA:301,0
DA:302,0
DA:303,0
DA:304,0
DA:305,0
DA:306,0
DA:307,0
DA:308,0
DA:309,0
DA:311,0
DA:313,0
DA:314,0
DA:318,0
DA:319,0
DA:320,0
DA:323,0
DA:324,0
DA:325,0
DA:326,0
DA:327,0
DA:328,0
DA:329,0
DA:330,0
DA:331,0
DA:334,0
DA:335,0
DA:337,0
DA:338,0
DA:339,0
DA:342,0
DA:343,0
DA:345,0
DA:351,0
DA:355,0
DA:356,0
DA:357,0
DA:358,0
DA:359,0
DA:360,0
DA:361,0
DA:362,0
DA:364,0
DA:367,0
DA:369,0
DA:370,0
DA:373,0
DA:375,0
DA:380,0
DA:381,0
DA:382,0
DA:383,0
DA:384,0
DA:386,0
DA:387,0
DA:388,0
DA:389,0
DA:390,0
DA:394,0
DA:396,0
DA:397,0
DA:398,0
DA:399,0
DA:400,0
DA:401,0
DA:402,0
DA:404,0
DA:407,0
DA:408,0
DA:409,0
DA:410,0
DA:411,0
DA:412,0
DA:413,0
DA:414,0
DA:419,0
DA:420,0
DA:421,0
DA:423,0
DA:432,1
DA:441,1
DA:443,2
DA:444,2
DA:445,2
DA:446,2
DA:448,1
DA:451,2
DA:452,2
LF:244
LH:124
end_of_record
SF:lib\ui\statistics\statistics_page.dart
DA:25,0
DA:30,0
DA:32,0
DA:34,0
DA:35,0
DA:36,0
DA:37,0
DA:40,0
DA:41,0
DA:162,0
DA:171,0
DA:184,0
DA:186,0
DA:187,0
DA:188,0
DA:190,0
DA:192,0
DA:193,0
DA:196,0
DA:197,0
DA:198,0
DA:199,0
DA:200,0
DA:202,0
DA:203,0
DA:204,0
DA:205,0
DA:206,0
DA:207,0
DA:211,0
DA:213,0
DA:214,0
DA:215,0
DA:216,0
DA:217,0
DA:218,0
DA:222,0
DA:224,0
DA:225,0
DA:226,0
DA:227,0
DA:228,0
DA:229,0
DA:233,0
DA:234,0
DA:235,0
DA:236,0
DA:237,0
DA:238,0
DA:241,0
DA:242,0
DA:243,0
DA:244,0
DA:247,0
DA:248,0
DA:249,0
DA:250,0
DA:251,0
DA:252,0
DA:260,0
DA:262,0
DA:264,0
DA:265,0
DA:266,0
DA:267,0
DA:268,0
DA:269,0
DA:270,0
DA:271,0
DA:272,0
DA:273,0
DA:274,0
DA:280,0
DA:282,0
DA:283,0
DA:284,0
DA:285,0
DA:286,0
DA:287,0
DA:288,0
DA:295,0
DA:297,0
DA:298,0
DA:299,0
DA:300,0
DA:301,0
DA:302,0
DA:306,0
DA:307,0
DA:310,0
DA:311,0
DA:313,0
DA:316,0
DA:317,0
DA:320,0
DA:321,0
DA:322,0
DA:323,0
DA:324,0
DA:327,0
DA:330,0
DA:331,0
DA:332,0
DA:333,0
DA:334,0
DA:337,0
DA:340,0
DA:341,0
DA:342,0
DA:343,0
DA:344,0
DA:347,0
LF:112
LH:0
end_of_record
SF:lib\ui\transactions\calculator.dart
DA:10,0
DA:15,0
DA:16,0
DA:29,0
DA:31,0
DA:32,0
DA:33,0
DA:34,0
DA:35,0
DA:37,0
DA:38,0
DA:43,0
DA:45,0
DA:46,0
DA:47,0
DA:48,0
DA:50,0
DA:52,0
DA:54,0
DA:55,0
DA:56,0
DA:57,0
DA:58,0
DA:61,0
DA:62,0
DA:68,0
DA:69,0
DA:70,0
DA:71,0
DA:73,0
DA:74,0
DA:75,0
DA:81,0
DA:82,0
DA:83,0
DA:84,0
DA:86,0
DA:87,0
DA:88,0
DA:94,0
DA:95,0
DA:96,0
DA:97,0
DA:98,0
DA:101,0
DA:102,0
DA:107,0
DA:108,0
DA:109,0
DA:110,0
DA:111,0
DA:115,0
DA:116,0
DA:117,0
DA:118,0
DA:119,0
DA:120,0
DA:121,0
DA:123,0
DA:124,0
DA:126,0
DA:127,0
DA:131,0
DA:132,0
DA:139,0
DA:140,0
DA:141,0
DA:142,0
DA:145,0
DA:146,0
DA:147,0
DA:156,0
DA:157,0
DA:163,0
DA:164,0
DA:174,0
DA:180,0
DA:182,0
DA:184,0
DA:185,0
DA:186,0
DA:188,0
DA:189,0
DA:190,0
DA:191,0
DA:192,0
DA:193,0
DA:194,0
DA:195,0
DA:196,0
LF:90
LH:0
end_of_record
SF:lib\ui\transactions\expense\add_expense.dart
DA:37,0
DA:42,0
DA:44,0
DA:45,0
DA:46,0
DA:48,0
DA:49,0
DA:50,0
DA:51,0
DA:53,0
DA:54,0
DA:55,0
DA:56,0
DA:57,0
DA:58,0
DA:59,0
DA:60,0
DA:61,0
DA:62,0
DA:66,0
DA:67,0
DA:68,0
DA:70,0
DA:71,0
DA:75,0
DA:76,0
DA:78,0
DA:79,0
DA:80,0
DA:81,0
DA:82,0
DA:83,0
DA:84,0
DA:85,0
DA:86,0
DA:87,0
DA:89,0
DA:90,0
DA:92,0
DA:96,0
DA:99,0
DA:101,0
DA:102,0
DA:103,0
DA:104,0
DA:106,0
DA:107,0
DA:108,0
DA:109,0
DA:110,0
DA:112,0
DA:120,0
DA:121,0
DA:122,0
DA:123,0
DA:125,0
DA:127,0
DA:128,0
DA:129,0
DA:130,0
DA:132,0
DA:133,0
DA:134,0
DA:137,0
DA:138,0
DA:139,0
DA:140,0
DA:145,0
DA:146,0
DA:147,0
DA:148,0
DA:150,0
DA:151,0
DA:152,0
DA:153,0
DA:155,0
DA:156,0
DA:157,0
DA:158,0
DA:161,0
DA:162,0
DA:163,0
DA:164,0
DA:169,0
DA:170,0
DA:172,0
DA:173,0
DA:174,0
DA:175,0
DA:176,0
DA:177,0
DA:178,0
DA:179,0
DA:180,0
DA:181,0
DA:182,0
DA:183,0
DA:184,0
DA:186,0
DA:188,0
DA:189,0
DA:190,0
DA:191,0
DA:192,0
DA:197,0
DA:198,0
DA:199,0
DA:200,0
DA:201,0
DA:202,0
DA:203,0
DA:205,0
DA:206,0
DA:208,0
DA:209,0
DA:211,0
DA:212,0
DA:213,0
DA:214,0
DA:215,0
DA:216,0
DA:217,0
DA:218,0
DA:219,0
DA:220,0
DA:224,0
DA:228,0
DA:229,0
DA:230,0
DA:231,0
DA:232,0
DA:237,0
DA:238,0
DA:239,0
DA:240,0
DA:241,0
DA:242,0
DA:243,0
DA:246,0
DA:248,0
DA:251,0
DA:252,0
DA:253,0
DA:254,0
DA:256,0
DA:257,0
DA:258,0
DA:259,0
DA:263,0
DA:264,0
DA:265,0
DA:266,0
DA:270,0
DA:271,0
DA:272,0
DA:273,0
DA:274,0
DA:275,0
DA:280,0
DA:283,0
DA:284,0
DA:285,0
DA:286,0
DA:287,0
DA:288,0
DA:290,0
DA:294,0
DA:295,0
DA:299,0
DA:302,0
DA:304,0
DA:306,0
DA:307,0
DA:309,0
DA:310,0
DA:316,0
DA:318,0
DA:320,0
DA:321,0
DA:322,0
DA:323,0
DA:324,0
DA:330,0
DA:331,0
DA:338,0
DA:341,0
DA:342,0
DA:349,0
DA:350,0
DA:352,0
DA:353,0
DA:354,0
DA:355,0
DA:356,0
DA:359,0
DA:363,0
DA:364,0
DA:366,0
DA:367,0
DA:368,0
DA:369,0
DA:370,0
DA:372,0
DA:373,0
DA:377,0
DA:381,0
DA:382,0
DA:384,0
DA:385,0
DA:386,0
DA:387,0
DA:388,0
DA:391,0
DA:395,0
DA:397,0
DA:400,0
DA:401,0
DA:403,0
DA:404,0
DA:406,0
DA:407,0
DA:414,0
DA:415,0
DA:416,0
DA:417,0
DA:418,0
DA:420,0
DA:421,0
DA:422,0
DA:423,0
DA:424,0
DA:425,0
DA:426,0
DA:427,0
DA:428,0
DA:433,0
DA:434,0
DA:435,0
DA:436,0
DA:437,0
DA:438,0
DA:439,0
DA:440,0
DA:441,0
LF:244
LH:0
end_of_record
SF:lib\ui\transactions\member_dropdown.dart
DA:11,0
DA:17,0
DA:18,0
DA:25,0
DA:27,0
DA:28,0
DA:29,0
DA:32,0
DA:33,0
DA:36,0
DA:38,0
DA:39,0
DA:40,0
DA:41,0
DA:42,0
DA:43,0
DA:44,0
DA:46,0
DA:47,0
DA:48,0
DA:49,0
DA:54,0
DA:55,0
DA:59,0
DA:61,0
DA:63,0
DA:64,0
DA:65,0
DA:66,0
DA:67,0
DA:70,0
DA:71,0
DA:72,0
DA:74,0
DA:76,0
DA:78,0
DA:79,0
DA:81,0
DA:83,0
DA:86,0
DA:89,0
DA:90,0
DA:91,0
DA:92,0
LF:44
LH:0
end_of_record
SF:lib\ui\transactions\transaction_dropdown.dart
DA:6,0
DA:8,0
DA:16,0
DA:17,0
DA:24,0
DA:26,0
DA:27,0
DA:28,0
DA:31,0
DA:33,0
DA:34,0
DA:35,0
DA:37,0
DA:38,0
DA:39,0
DA:40,0
DA:41,0
DA:42,0
DA:47,0
DA:48,0
DA:52,0
DA:54,0
DA:56,0
DA:57,0
DA:58,0
DA:59,0
DA:60,0
DA:63,0
DA:64,0
DA:65,0
DA:67,0
DA:69,0
DA:71,0
DA:72,0
DA:74,0
DA:76,0
DA:79,0
LF:37
LH:0
end_of_record
SF:lib\ui\transactions\transfer\transfer_to.dart
DA:18,0
DA:22,0
DA:24,0
DA:25,0
DA:26,0
DA:27,0
DA:28,0
DA:29,0
DA:30,0
DA:31,0
DA:32,0
DA:33,0
DA:34,0
DA:35,0
DA:37,0
DA:38,0
DA:39,0
DA:40,0
DA:41,0
DA:42,0
DA:43,0
DA:46,0
DA:48,0
DA:49,0
DA:50,0
DA:51,0
DA:53,0
DA:55,0
DA:64,0
DA:67,0
DA:68,0
LF:31
LH:0
end_of_record
SF:lib\ui\transactions\income\add_income.dart
DA:23,0
DA:27,0
DA:29,0
DA:30,0
DA:31,0
DA:32,0
DA:34,0
DA:35,0
DA:36,0
DA:37,0
DA:38,0
DA:40,0
DA:41,0
DA:42,0
DA:43,0
DA:44,0
DA:45,0
DA:46,0
DA:47,0
DA:51,0
DA:52,0
DA:53,0
DA:54,0
DA:55,0
DA:57,0
DA:58,0
DA:62,0
DA:63,0
DA:64,0
DA:65,0
DA:66,0
DA:70,0
DA:71,0
DA:73,0
DA:74,0
DA:75,0
DA:76,0
DA:77,0
DA:78,0
DA:79,0
DA:80,0
DA:81,0
DA:82,0
DA:84,0
DA:85,0
DA:87,0
DA:91,0
DA:94,0
DA:96,0
DA:97,0
DA:98,0
DA:99,0
DA:101,0
DA:102,0
DA:103,0
DA:104,0
DA:105,0
DA:107,0
DA:115,0
DA:116,0
DA:117,0
DA:118,0
DA:120,0
DA:122,0
DA:123,0
DA:124,0
DA:125,0
DA:127,0
DA:128,0
DA:129,0
DA:132,0
DA:133,0
DA:134,0
DA:135,0
DA:140,0
DA:141,0
DA:142,0
DA:143,0
DA:144,0
DA:146,0
DA:147,0
DA:149,0
DA:152,0
DA:153,0
DA:154,0
DA:155,0
DA:156,0
DA:157,0
DA:158,0
DA:159,0
DA:162,0
DA:163,0
DA:164,0
DA:165,0
DA:168,0
DA:170,0
DA:171,0
DA:173,0
DA:174,0
DA:175,0
DA:176,0
DA:178,0
DA:179,0
DA:180,0
DA:182,0
DA:183,0
DA:189,0
DA:191,0
DA:193,0
DA:194,0
DA:195,0
DA:196,0
DA:202,0
DA:203,0
DA:208,0
DA:211,0
DA:212,0
LF:117
LH:0
end_of_record
SF:lib\ui\transactions\expense\equally_user_row.dart
DA:14,0
DA:19,0
DA:20,0
DA:24,0
DA:26,0
DA:27,0
DA:28,0
DA:29,0
DA:30,0
DA:31,0
DA:32,0
DA:33,0
DA:34,0
DA:35,0
DA:36,0
DA:37,0
DA:38,0
DA:40,0
DA:41,0
DA:42,0
DA:43,0
DA:46,0
DA:47,0
DA:48,0
DA:49,0
DA:50,0
DA:51,0
DA:53,0
DA:55,0
DA:56,0
DA:59,0
DA:61,0
DA:71,0
DA:76,0
DA:77,0
LF:35
LH:0
end_of_record
SF:lib\ui\transactions\expense\weight_user_row.dart
DA:17,0
DA:22,0
DA:23,0
DA:29,0
DA:31,0
DA:32,0
DA:33,0
DA:34,0
DA:35,0
DA:36,0
DA:37,0
DA:38,0
DA:39,0
DA:41,0
DA:42,0
DA:43,0
DA:44,0
DA:45,0
DA:47,0
DA:48,0
DA:49,0
DA:50,0
DA:53,0
DA:54,0
DA:55,0
DA:56,0
DA:57,0
DA:58,0
DA:59,0
DA:62,0
DA:63,0
DA:64,0
DA:67,0
DA:68,0
DA:69,0
DA:70,0
DA:71,0
DA:72,0
DA:73,0
DA:81,0
DA:86,0
DA:87,0
LF:42
LH:0
end_of_record
SF:lib\utils\debt_calculator.dart
DA:3,0
DA:8,0
DA:9,0
DA:10,0
DA:11,0
DA:12,0
DA:13,0
DA:14,0
DA:15,0
DA:18,0
DA:19,0
DA:20,0
DA:24,0
DA:32,0
DA:38,0
DA:40,0
DA:41,0
DA:50,0
DA:52,0
DA:53,0
DA:61,0
DA:62,0
DA:71,0
DA:80,0
DA:84,0
DA:89,0
DA:90,0
DA:91,0
DA:94,0
DA:96,0
DA:103,0
DA:112,0
DA:115,0
DA:116,0
DA:124,0
DA:125,0
DA:126,0
DA:130,0
LF:38
LH:0
end_of_record
SF:lib\ui\transactions\expense\amount_user_row.dart
DA:16,0
DA:21,0
DA:22,0
DA:28,0
DA:30,0
DA:31,0
DA:32,0
DA:33,0
DA:34,0
DA:35,0
DA:36,0
DA:37,0
DA:39,0
DA:40,0
DA:41,0
DA:42,0
DA:44,0
DA:45,0
DA:46,0
DA:47,0
DA:50,0
DA:51,0
DA:52,0
DA:53,0
DA:54,0
DA:55,0
DA:56,0
DA:59,0
DA:60,0
DA:61,0
DA:62,0
DA:63,0
DA:71,0
DA:76,0
DA:77,0
LF:35
LH:0
end_of_record
SF:lib\ui\transactions\transfer\add_transfer.dart
DA:26,0
DA:30,0
DA:32,0
DA:33,0
DA:35,0
DA:36,0
DA:37,0
DA:38,0
DA:39,0
DA:41,0
DA:42,0
DA:44,0
DA:45,0
DA:46,0
DA:48,0
DA:49,0
DA:53,0
DA:54,0
DA:55,0
DA:56,0
DA:57,0
DA:59,0
DA:60,0
DA:62,0
DA:63,0
DA:64,0
DA:65,0
DA:66,0
DA:67,0
DA:68,0
DA:69,0
DA:70,0
DA:71,0
DA:72,0
DA:73,0
DA:74,0
DA:76,0
DA:77,0
DA:79,0
DA:83,0
DA:88,0
DA:89,0
DA:90,0
DA:91,0
DA:92,0
DA:93,0
DA:94,0
DA:95,0
DA:96,0
DA:97,0
DA:98,0
DA:99,0
DA:100,0
DA:102,0
DA:103,0
DA:105,0
DA:109,0
DA:116,0
DA:117,0
DA:118,0
DA:119,0
DA:121,0
DA:122,0
DA:123,0
DA:125,0
DA:126,0
DA:128,0
DA:132,0
DA:133,0
DA:134,0
DA:135,0
DA:136,0
DA:137,0
DA:138,0
DA:140,0
DA:142,0
DA:143,0
DA:144,0
DA:145,0
DA:147,0
DA:148,0
DA:149,0
DA:152,0
DA:153,0
DA:154,0
DA:155,0
DA:156,0
DA:163,0
DA:164,0
DA:165,0
DA:166,0
DA:167,0
DA:169,0
DA:170,0
DA:172,0
DA:174,0
DA:175,0
DA:176,0
DA:177,0
DA:178,0
DA:179,0
DA:180,0
DA:181,0
DA:182,0
DA:183,0
DA:186,0
DA:187,0
DA:188,0
DA:189,0
DA:190,0
DA:192,0
DA:193,0
DA:194,0
DA:195,0
DA:198,0
DA:200,0
DA:201,0
DA:204,0
DA:207,0
DA:210,0
DA:211,0
DA:212,0
DA:213,0
DA:215,0
DA:216,0
DA:217,0
DA:218,0
DA:222,0
DA:223,0
DA:224,0
DA:225,0
DA:229,0
DA:232,0
DA:233,0
DA:234,0
DA:235,0
DA:236,0
DA:237,0
DA:239,0
DA:243,0
DA:244,0
DA:247,0
DA:250,0
DA:252,0
DA:253,0
DA:254,0
DA:256,0
DA:257,0
DA:263,0
DA:265,0
DA:267,0
DA:268,0
DA:269,0
DA:270,0
DA:276,0
DA:277,0
DA:282,0
DA:285,0
DA:286,0
LF:159
LH:0
end_of_record
SF:lib\utils\config\dev_config.dart
DA:4,0
DA:7,0
LF:2
LH:0
end_of_record
SF:lib\utils\config\prod_config.dart
DA:4,0
DA:7,0
LF:2
LH:0
end_of_record
